C:\DEV\ASC-INCLUSION\CLM-FRAMEWORK\LIB\LOCAL\OPENCVWRAPPERS\RELEASE\OPENCVWRAPPERS.PCH
C:\DEV\ASC-INCLUSION\CLM-FRAMEWORK\LIB\LOCAL\OPENCVWRAPPERS\RELEASE\STDAFX.OBJ
C:\DEV\ASC-INCLUSION\CLM-FRAMEWORK\LIB\LOCAL\OPENCVWRAPPERS\RELEASE\VC110.PDB
C:\DEV\ASC-INCLUSION\CLM-FRAMEWORK\LIB\LOCAL\OPENCVWRAPPERS\RELEASE\OPENCVWRAPPERS.OBJ
C:\DEV\ASC-INCLUSION\CLM-FRAMEWORK\LIB\LOCAL\OPENCVWRAPPERS\RELEASE\ASSEMBLYINFO.OBJ
C:\DEV\ASC-INCLUSION\CLM-FRAMEWORK\LIB\LOCAL\OPENCVWRAPPERS\RELEASE\.NETFRAMEWORK,VERSION=V4.5.ASSEMBLYATTRIBUTES.OBJ
C:\DEV\ASC-INCLUSION\CLM-FRAMEWORK\RELEASE\OPENCVWRAPPERS.DLL
C:\DEV\ASC-INCLUSION\CLM-FRAMEWORK\RELEASE\OPENCVWRAPPERS.PDB
C:\DEV\ASC-INCLUSION\CLM-FRAMEWORK\LIB\LOCAL\OPENCVWRAPPERS\RELEASE\APP.RES
C:\dev\asc-inclusion\CLM-framework\lib\local\OpenCVWrappers\Release\OpenCVWrappers.vcxprojResolveAssemblyReference.cache
C:\dev\asc-inclusion\CLM-framework\lib\local\OpenCVWrappers\Release\.NETFramework,Version=v4.5.AssemblyAttributes.obj
C:\dev\asc-inclusion\CLM-framework\lib\local\OpenCVWrappers\Release\AssemblyInfo.obj
C:\dev\asc-inclusion\CLM-framework\lib\local\OpenCVWrappers\Release\OpenCVWrappers.obj
C:\dev\asc-inclusion\CLM-framework\lib\local\OpenCVWrappers\Release\Stdafx.obj
C:\dev\asc-inclusion\CLM-framework\lib\local\OpenCVWrappers\Release\cl.command.1.tlog
C:\dev\asc-inclusion\CLM-framework\lib\local\OpenCVWrappers\Release\CL.read.1.tlog
C:\dev\asc-inclusion\CLM-framework\lib\local\OpenCVWrappers\Release\CL.write.1.tlog
C:\dev\asc-inclusion\CLM-framework\lib\local\OpenCVWrappers\Release\link-cvtres.read.1.tlog
C:\dev\asc-inclusion\CLM-framework\lib\local\OpenCVWrappers\Release\link-cvtres.write.1.tlog
C:\dev\asc-inclusion\CLM-framework\lib\local\OpenCVWrappers\Release\link-rc.read.1.tlog
C:\dev\asc-inclusion\CLM-framework\lib\local\OpenCVWrappers\Release\link-rc.write.1.tlog
C:\dev\asc-inclusion\CLM-framework\lib\local\OpenCVWrappers\Release\link.command.1.tlog
C:\dev\asc-inclusion\CLM-framework\lib\local\OpenCVWrappers\Release\link.read.1.tlog
C:\dev\asc-inclusion\CLM-framework\lib\local\OpenCVWrappers\Release\link.write.1.tlog
C:\dev\asc-inclusion\CLM-framework\lib\local\OpenCVWrappers\Release\metagen.read.1.tlog
C:\dev\asc-inclusion\CLM-framework\lib\local\OpenCVWrappers\Release\metagen.write.1.tlog
C:\dev\asc-inclusion\CLM-framework\lib\local\OpenCVWrappers\Release\rc.command.1.tlog
C:\dev\asc-inclusion\CLM-framework\lib\local\OpenCVWrappers\Release\rc.read.1.tlog
C:\dev\asc-inclusion\CLM-framework\lib\local\OpenCVWrappers\Release\rc.write.1.tlog
C:\dev\asc-inclusion\CLM-framework\lib\local\OpenCVWrappers\Release\app.res
C:\dev\asc-inclusion\CLM-framework\lib\local\OpenCVWrappers\Release\OpenCVWrappers.pch
C:\dev\asc-inclusion\CLM-framework\lib\local\OpenCVWrappers\Release\vc110.pdb
C:\dev\asc-inclusion\CLM-framework\lib\local\OpenCVWrappers\Release\TZRES.DLL.bi
C:\dev\asc-inclusion\CLM-framework\Release\OpenCVWrappers.pdb
C:\dev\asc-inclusion\CLM-framework\Release\OpenCVWrappers.dll
